{"/var/www/html/improve/js-unit-test/index.js": {"path":"/var/www/html/improve/js-unit-test/index.js","statementMap":{"0":{"start":{"line":1,"column":22},"end":{"line":12,"column":1}},"1":{"start":{"line":2,"column":2},"end":{"line":4,"column":3}},"2":{"start":{"line":3,"column":4},"end":{"line":3,"column":37}},"3":{"start":{"line":6,"column":22},"end":{"line":6,"column":24}},"4":{"start":{"line":7,"column":24},"end":{"line":7,"column":42}},"5":{"start":{"line":8,"column":19},"end":{"line":8,"column":44}},"6":{"start":{"line":9,"column":21},"end":{"line":9,"column":53}},"7":{"start":{"line":11,"column":2},"end":{"line":11,"column":56}},"8":{"start":{"line":14,"column":0},"end":{"line":14,"column":31}}},"fnMap":{"0":{"name":"(anonymous_0)","decl":{"start":{"line":1,"column":22},"end":{"line":1,"column":23}},"loc":{"start":{"line":1,"column":39},"end":{"line":12,"column":1}},"line":1}},"branchMap":{"0":{"loc":{"start":{"line":2,"column":2},"end":{"line":4,"column":3}},"type":"if","locations":[{"start":{"line":2,"column":2},"end":{"line":4,"column":3}},{"start":{"line":2,"column":2},"end":{"line":4,"column":3}}],"line":2},"1":{"loc":{"start":{"line":2,"column":6},"end":{"line":2,"column":59}},"type":"binary-expr","locations":[{"start":{"line":2,"column":6},"end":{"line":2,"column":31}},{"start":{"line":2,"column":35},"end":{"line":2,"column":59}}],"line":2}},"s":{"0":1,"1":2,"2":1,"3":1,"4":1,"5":1,"6":1,"7":1,"8":1},"f":{"0":2},"b":{"0":[1,1],"1":[2,1]},"_coverageSchema":"1a1c01bbd47fc00a2c39e90264f33305004495a9","hash":"a6ab3584590ac0d47170ac583ed0d2075fbbb35f"}
}
